<?xml version="1.0" encoding="UTF-8"?>
<!-- Generated by org.testng.reporters.JUnitXMLReporter -->
<testsuite ignored="0" hostname="DESKTOP-EODLVLU" failures="0" tests="5" name="Default test" time="24.724" errors="0" timestamp="2021-08-12T11:54:52 IST">
  <testcase classname="akhilesh.flipkart" name="searchProduct" time="2.194"/>
  <testcase classname="akhilesh.flipkart" name="applyFilter" time="2.35"/>
  <testcase classname="akhilesh.flipkart" name="applyFilter" time="5.232"/>
  <testcase classname="akhilesh.flipkart" name="acceptPriceRange" time="4.212"/>
  <testcase classname="akhilesh.flipkart" name="processSearchResult" time="4.517"/>
</testsuite> <!-- Default test -->
