<?xml version="1.0" encoding="UTF-8"?>
<!-- Generated by org.testng.reporters.JUnitXMLReporter -->
<testsuite ignored="0" hostname="DESKTOP-EODLVLU" failures="0" tests="5" name="Test" time="60.214" errors="0" timestamp="2021-08-19T14:54:38 IST">
  <testcase classname="akhilesh.flipkart" name="searchProduct" time="2.777"/>
  <testcase classname="akhilesh.flipkart" name="applyFilter" time="3.983"/>
  <testcase classname="akhilesh.flipkart" name="applyFilter" time="5.195"/>
  <testcase classname="akhilesh.flipkart" name="acceptPriceRange" time="4.547"/>
  <testcase classname="akhilesh.flipkart" name="processSearchResult" time="3.941"/>
</testsuite> <!-- Test -->
