<?xml version="1.0" encoding="UTF-8"?>
<!-- Generated by org.testng.reporters.JUnitXMLReporter -->
<testsuite ignored="0" hostname="DESKTOP-EODLVLU" failures="0" tests="5" name="Test" time="119.025" errors="0" timestamp="2021-08-20T21:40:33 IST">
  <testcase classname="akhilesh.flipkart" name="searchProduct" time="3.855"/>
  <testcase classname="akhilesh.flipkart" name="applyFilter" time="4.81"/>
  <testcase classname="akhilesh.flipkart" name="applyFilter" time="29.9"/>
  <testcase classname="akhilesh.flipkart" name="acceptPriceRange" time="7.928"/>
  <testcase classname="akhilesh.flipkart" name="processSearchResult" time="54.015"/>
</testsuite> <!-- Test -->
