<?xml version="1.0" encoding="UTF-8"?>
<testng-results ignored="0" total="5" passed="5" failed="0" skipped="0">
  <reporter-output>
  </reporter-output>
  <suite started-at="2021-08-20T21:38:34 IST" name="Suite" finished-at="2021-08-20T21:40:33 IST" duration-ms="119025">
    <groups>
    </groups>
    <test started-at="2021-08-20T21:38:34 IST" name="Test" finished-at="2021-08-20T21:40:33 IST" duration-ms="119025">
      <class name="akhilesh.flipkart">
        <test-method is-config="true" signature="initialize()[pri:0, instance:akhilesh.flipkart@65c7a252]" started-at="2021-08-20T21:38:34 IST" name="initialize" finished-at="2021-08-20T21:38:51 IST" duration-ms="16793" status="PASS">
          <reporter-output>
          </reporter-output>
        </test-method> <!-- initialize -->
        <test-method signature="searchProduct(java.lang.String,java.lang.String)[pri:0, instance:akhilesh.flipkart@65c7a252]" started-at="2021-08-20T21:38:52 IST" name="searchProduct" data-provider="searchData" finished-at="2021-08-20T21:38:56 IST" duration-ms="3855" status="PASS">
          <params>
            <param index="0">
              <value>
                <![CDATA[Samsung]]>
              </value>
            </param>
            <param index="1">
              <value>
                <![CDATA[Samsung Mobile]]>
              </value>
            </param>
          </params>
          <reporter-output>
          </reporter-output>
        </test-method> <!-- searchProduct -->
        <test-method signature="applyFilter(java.lang.String,java.lang.String)[pri:0, instance:akhilesh.flipkart@65c7a252]" started-at="2021-08-20T21:38:56 IST" name="applyFilter" data-provider="getFilterData" finished-at="2021-08-20T21:39:01 IST" depends-on-methods="akhilesh.flipkart.searchProduct" duration-ms="4810" status="PASS">
          <params>
            <param index="0">
              <value>
                <![CDATA[RAM]]>
              </value>
            </param>
            <param index="1">
              <value>
                <![CDATA[4 GB]]>
              </value>
            </param>
          </params>
          <reporter-output>
          </reporter-output>
        </test-method> <!-- applyFilter -->
        <test-method signature="applyFilter(java.lang.String,java.lang.String)[pri:0, instance:akhilesh.flipkart@65c7a252]" started-at="2021-08-20T21:39:01 IST" name="applyFilter" data-provider="getFilterData" finished-at="2021-08-20T21:39:31 IST" depends-on-methods="akhilesh.flipkart.searchProduct" duration-ms="29900" status="PASS">
          <params>
            <param index="0">
              <value>
                <![CDATA[Processor Brand]]>
              </value>
            </param>
            <param index="1">
              <value>
                <![CDATA[Snapdragon]]>
              </value>
            </param>
          </params>
          <reporter-output>
          </reporter-output>
        </test-method> <!-- applyFilter -->
        <test-method signature="acceptPriceRange(java.lang.String,java.lang.String)[pri:0, instance:akhilesh.flipkart@65c7a252]" started-at="2021-08-20T21:39:31 IST" name="acceptPriceRange" data-provider="getPriceRange" finished-at="2021-08-20T21:39:39 IST" depends-on-methods="akhilesh.flipkart.applyFilter" duration-ms="7928" status="PASS">
          <params>
            <param index="0">
              <value>
                <![CDATA[Min]]>
              </value>
            </param>
            <param index="1">
              <value>
                <![CDATA[20000]]>
              </value>
            </param>
          </params>
          <reporter-output>
          </reporter-output>
        </test-method> <!-- acceptPriceRange -->
        <test-method signature="processSearchResult()[pri:0, instance:akhilesh.flipkart@65c7a252]" started-at="2021-08-20T21:39:39 IST" name="processSearchResult" finished-at="2021-08-20T21:40:33 IST" depends-on-methods="akhilesh.flipkart.applyFilter" duration-ms="54015" status="PASS">
          <reporter-output>
          </reporter-output>
        </test-method> <!-- processSearchResult -->
        <test-method is-config="true" signature="storeResut()[pri:0, instance:akhilesh.flipkart@65c7a252]" started-at="2021-08-20T21:40:33 IST" name="storeResut" finished-at="2021-08-20T21:40:33 IST" duration-ms="403" status="PASS">
          <reporter-output>
          </reporter-output>
        </test-method> <!-- storeResut -->
      </class> <!-- akhilesh.flipkart -->
    </test> <!-- Test -->
  </suite> <!-- Suite -->
</testng-results>
