<?xml version="1.0" encoding="UTF-8"?>
<testng-results ignored="0" total="5" passed="5" failed="0" skipped="0">
  <reporter-output>
  </reporter-output>
  <suite started-at="2021-08-19T14:53:38 IST" name="Suite" finished-at="2021-08-19T14:54:38 IST" duration-ms="60214">
    <groups>
    </groups>
    <test started-at="2021-08-19T14:53:38 IST" name="Test" finished-at="2021-08-19T14:54:38 IST" duration-ms="60214">
      <class name="akhilesh.flipkart">
        <test-method is-config="true" signature="initialize()[pri:0, instance:akhilesh.flipkart@4a8355dd]" started-at="2021-08-19T14:53:38 IST" name="initialize" finished-at="2021-08-19T14:54:15 IST" duration-ms="36734" status="PASS">
          <reporter-output>
          </reporter-output>
        </test-method> <!-- initialize -->
        <test-method signature="searchProduct(java.lang.String,java.lang.String)[pri:0, instance:akhilesh.flipkart@4a8355dd]" started-at="2021-08-19T14:54:16 IST" name="searchProduct" data-provider="searchData" finished-at="2021-08-19T14:54:19 IST" duration-ms="2777" status="PASS">
          <params>
            <param index="0">
              <value>
                <![CDATA[Samsung]]>
              </value>
            </param>
            <param index="1">
              <value>
                <![CDATA[Samsung Mobile]]>
              </value>
            </param>
          </params>
          <reporter-output>
          </reporter-output>
        </test-method> <!-- searchProduct -->
        <test-method signature="applyFilter(java.lang.String,java.lang.String)[pri:0, instance:akhilesh.flipkart@4a8355dd]" started-at="2021-08-19T14:54:19 IST" name="applyFilter" data-provider="getFilterData" finished-at="2021-08-19T14:54:23 IST" depends-on-methods="akhilesh.flipkart.searchProduct" duration-ms="3983" status="PASS">
          <params>
            <param index="0">
              <value>
                <![CDATA[RAM]]>
              </value>
            </param>
            <param index="1">
              <value>
                <![CDATA[2 GB]]>
              </value>
            </param>
          </params>
          <reporter-output>
          </reporter-output>
        </test-method> <!-- applyFilter -->
        <test-method signature="applyFilter(java.lang.String,java.lang.String)[pri:0, instance:akhilesh.flipkart@4a8355dd]" started-at="2021-08-19T14:54:23 IST" name="applyFilter" data-provider="getFilterData" finished-at="2021-08-19T14:54:28 IST" depends-on-methods="akhilesh.flipkart.searchProduct" duration-ms="5195" status="PASS">
          <params>
            <param index="0">
              <value>
                <![CDATA[Processor Brand]]>
              </value>
            </param>
            <param index="1">
              <value>
                <![CDATA[Snapdragon]]>
              </value>
            </param>
          </params>
          <reporter-output>
          </reporter-output>
        </test-method> <!-- applyFilter -->
        <test-method signature="acceptPriceRange(java.lang.String,java.lang.String)[pri:0, instance:akhilesh.flipkart@4a8355dd]" started-at="2021-08-19T14:54:28 IST" name="acceptPriceRange" data-provider="getPriceRange" finished-at="2021-08-19T14:54:33 IST" depends-on-methods="akhilesh.flipkart.applyFilter" duration-ms="4547" status="PASS">
          <params>
            <param index="0">
              <value>
                <![CDATA[Min]]>
              </value>
            </param>
            <param index="1">
              <value>
                <![CDATA[10000]]>
              </value>
            </param>
          </params>
          <reporter-output>
          </reporter-output>
        </test-method> <!-- acceptPriceRange -->
        <test-method signature="processSearchResult()[pri:0, instance:akhilesh.flipkart@4a8355dd]" started-at="2021-08-19T14:54:33 IST" name="processSearchResult" finished-at="2021-08-19T14:54:36 IST" depends-on-methods="akhilesh.flipkart.applyFilter" duration-ms="3941" status="PASS">
          <reporter-output>
          </reporter-output>
        </test-method> <!-- processSearchResult -->
        <test-method is-config="true" signature="storeResut()[pri:0, instance:akhilesh.flipkart@4a8355dd]" started-at="2021-08-19T14:54:36 IST" name="storeResut" finished-at="2021-08-19T14:54:38 IST" duration-ms="1859" status="PASS">
          <reporter-output>
          </reporter-output>
        </test-method> <!-- storeResut -->
      </class> <!-- akhilesh.flipkart -->
    </test> <!-- Test -->
  </suite> <!-- Suite -->
</testng-results>
